*****************************
*****************************
************This is the beginning of our test case*****************
Our test case is executing right now
The test case is about to finish
################################
################################
###########Test case is completed#####################
*****************************
*****************************
************This is the beginning of our test case*****************
Our test case is executing right now
The test case is about to finish
################################
################################
###########Test case is completed#####################
*****************************
*****************************
************This is the beginning of our test case*****************
Our test case is executing right now
The test case is about to finish
################################
################################
###########Test case is completed#####################
*****************************
*****************************
************This is the beginning of our test case*****************
Our test case is executing right now
The test case is about to finish
################################
################################
###########Test case is completed#####################
*****************************
*****************************
************This is the beginning of our test case*****************
Our test case is executing right now
The test case is about to finish
################################
################################
###########Test case is completed#####################
*****************************
*****************************
************This is the beginning of our test case*****************
Our test case is executing right now
The test case is about to finish
################################
################################
###########Test case is completed#####################
*****************************
*****************************
************This is the beginning of our test case*****************
Our test case is executing right now
The test case is about to finish
################################
################################
###########Test case is completed#####################
*****************************
*****************************
************This is the beginning of our test case*****************
Our test case is executing right now
The test case is about to finish
################################
################################
###########Test case is completed#####################
*****************************
*****************************
************This is the beginning of our test case*****************
Our test case is executing right now
The test case is about to finish
################################
################################
###########Test case is completed#####################
*****************************
*****************************
************This is the beginning of our test case*****************
Our test case is executing right now
The test case is about to finish
################################
################################
###########Test case is completed#####################
*****************************
*****************************
************This is the beginning of our test case*****************
Our test case is executing right now
The test case is about to finish
################################
################################
###########Test case is completed#####################
*****************************
*****************************
************This is the beginning of our test case*****************
Our test case is executing right now
The test case is about to finish
################################
################################
###########Test case is completed#####################
*****************************
*****************************
************This is the beginning of our test case*****************
Our test case is executing right now
The test case is about to finish
################################
################################
###########Test case is completed#####################
*****************************
*****************************
************This is the beginning of our test case*****************
Our test case is executing right now
The test case is about to finish
################################
################################
###########Test case is completed#####################
*****************************
*****************************
************This is the beginning of our test case*****************
Our test case is executing right now
The test case is about to finish
################################
################################
###########Test case is completed#####################
*****************************
*****************************
************This is the beginning of our test case*****************
Our test case is executing right now
The test case is about to finish
################################
################################
###########Test case is completed#####################
*****************************
*****************************
************This is the beginning of our test case*****************
Our test case is executing right now
The test case is about to finish
################################
################################
###########Test case is completed#####################
*****************************
*****************************
************This is the beginning of our test case*****************
Our test case is executing right now
The test case is about to finish
################################
################################
###########Test case is completed#####################
*****************************
*****************************
************This is the beginning of our test case*****************
Our test case is executing right now
The test case is about to finish
################################
################################
###########Test case is completed#####################
*****************************
*****************************
************This is the beginning of our test case*****************
Our test case is executing right now
The test case is about to finish
################################
################################
###########Test case is completed#####################
*****************************
*****************************
************This is the beginning of our test case*****************
Our test case is executing right now
*****************************
*****************************
************This is the beginning of our test case*****************
Our test case is executing right now
*****************************
*****************************
************This is the beginning of our test case*****************
Our test case is executing right now
*****************************
*****************************
************This is the beginning of our test case*****************
Our test case is executing right now
*****************************
*****************************
************This is the beginning of our test case*****************
Our test case is executing right now
*****************************
*****************************
************This is the beginning of our test case*****************
Our test case is executing right now
*****************************
*****************************
************This is the beginning of our test case*****************
Our test case is executing right now
*****************************
*****************************
************This is the beginning of our test case*****************
Our test case is executing right now
*****************************
*****************************
************This is the beginning of our test case*****************
Our test case is executing right now
